I highly recommend:
    [x] Thanks for the feedback
        - tags: communication
        - review
            - simple a book that has changed my life the most. I've read it twice, and I've probably have to read it a couple more times and add my own to it.
        - author: Douglas Stone
        - year: 2014
        - goodreads: https://www.goodreads.com/book/show/18114120
        - goodreads rating: 4.05
    [x] Difficult conversations
        - tags: communication
        - review
            - by the same authors of "thanks for the feedback" but not quite as nicely organized, and sometimes the point gets lost.
        - author: Douglas Stone
        - year: 1999
        - goodreads: https://www.goodreads.com/book/show/774088
        - goodreads rating: 4.07
    [x] Calling Bullshit: The Art of Skepticism in a Data-Driven World
        - tags: science, non-fiction, statistics, science, politics
        - Author
            - Carl T. Bergstrom
            - Jevin West
        - goodreads: https://www.goodreads.com/book/show/48889983-calling-bullshit
        - review
            - 2021-11-09: There's not many books that I recommend to "everyone", but with this one I think really everyone should read it. As long as you understand basic highschool math, you can follow it through. I started following Carl on Twitter and when the book came out I ordered it right away. I'm a slow reader, so it took me about a year to finish it, but it is one of those books that gives shape to a lot of thoughts, frustrations, ideas, and tricks that you have dealing with everyday people, from your friendly neighbor, to that deceptive news reporter. The book explains in plain text how people can and do abuse scientific formalism to pretend what they say is correct. It argued that it sometimes comes from bad intent, but also a lot of times comes from incompetence.  I wish the book spent more time explaining how to refute bullshit, but then the name of the book would have been different. Although the entire last chapter is about just that.  Read the book and you'll never look at a "scientists/studies showed ..." article the same way as you used to. You'll also probably never believe any news you hear ever again, whether it is correct or not, and for a good reason! And also, you'll never get all pumped up about the new invention your cousin thinks is going to change the world.  Oh, did I mention? There's about zero errors in the book. At least that's how many I found.
        - author: Carl T. Bergstrom
        - year: 2020
        - goodreads rating: 4.10
    [x] Crime and Punishment
        - review
            - 2021-11-22: This is the last fiction I've read and it's been 6-7 years since. I can't say much about the book, except one just needs to read it to understand what it is about. However, I can warn you that it will take some psychological toll, it is not an easy book and many of my friends and myself have had repeated dreams about it during and after reading it! Dostoevsky knows what he is doing with your mind and he does it artfully.  To digress a bit here, there are two interesting points of view on the role of emotion/subconscious in fiction that I know if. Brecht believes a novel/play should pause, let the audience think, and keep them rational, not provoke emotions, etc. He warns about the negative effects of the potential extreme abuse of the masses when the plot tends to make the audience emotional and he's wary of that. On the other hand, there is Checkov who thinks all there is for a novel to do is to get under the skin of the audience and to play with their minds, and use their emotions to get them to act, to build a better place probably. I tend to agree with both, and I only let the authors that I completely trust do the latter with me. And the reason that I'm blabbering about all this is that Dostoevsky is the only one who I trust enough in this regard.
        - Author: Fyodor Dostoevsky
        - goodreads: https://www.goodreads.com/book/show/7144.Crime_and_Punishment
        - tag: fiction, ethics, psychology, murder
        - year: 1866
        - goodreads rating: 4.29
    [x] Underground railroad:
        - author: Colson Whitehead
I recommend:
    [x] Persepolis:
        - review
            - 2022-11-27: I learned about the book from the animation based on this book, and while I found it a nice movie to watch, the details were a bit cheesy and holywood-like. So, I always recommend the film to friends with a few words of caution first. I stumbled upon the book on my friend's bookshelf and they let me borrow it, and starting from the first few pages I got hooked. Unlike the film, the book is a personal account of what happened to Marjane during those years, it feels honest, to the point, and with the right amount of details that makes you develop a sense of the situation at the time, it doesn't try to convince you that everyone had the same experience, but quite opposite, it shows that different people were experiencing very different things, and tries to be as open as a teenage girl in that situation can be, reflecting on others' emotions and situations. In the wake of what's happening these days in Iran, it was a good point of reference for me to have since as a boy, I haven't come to fully appreciate what girls go through in my country, and this helped a bit, maybe it could serve as a starting point to enquire more. All in all, it is an excellent book, engaging, and hard to put down.
        - author: Marjane Satrapi
        - goodreads: https://www.goodreads.com/book/show/991197.The_Complete_Persepolis
        - tag: biography, fiction, comic, history
    [x] What is art
        - Author: Leo Tolstoy
        - tag: non-fiction, philosophy, art,
    [x] Art
        - Author: Yasmina Reza
        - tag: play, society, art, philosophy,
I think it's a nice one:
    [x] The Psychology of Money
        - review
            - The summary on goodreads by Riku Sayuj pretty much sums it up. The book is engaging with a lot of relevant examples. One important thing is that this is not a book about investment. It's about how to think about money, and in general many things in life. It tries to put into perspective a lot of misconceptions people tend to have about how economic growth works, and what a sane financial decision is, etc, and it does a very good job of it. One little thing that gets a bit annoying is that the author likes to throw numbers like 0.000000000001 at the reader often, which don't seem like to serve any point. Anyways, most of the things mentioned in the book are generally common sense and with the caveats that he mentions are good advice. It does help build a bigger picture of how money and the mentality around it work and gives directions to prepare to invest more in the topic (pun not intended). There are a few points that though with disclaimers the author offers investment ideas, again, generally good advice, but somewhat contradictory to the premise of the book.  One of the things that the book argued about early on that got me interested in following it to the end is that it advises avoiding thinking about this or that person as "great" investors and trying to mimic their behavior or portfolio. Similarly, it often tries to promote a culture of having a personal understanding and planning of your finances than falling into rat races or just blindly following others, which again, are sane advice and common sense, but it really hammers it down.  There are a few places in the book that if you take the sentences out of the particular context, it contradicts what is previously mentioned in the book, which is fine, since they should be taken within the context. But, there seems to be a meager desire in the book to become a series of quotes that people throw at each other (like the summary by Riku Sayuj) which in that case becomes a problem!
        -tag: finance, investing, money, psychology, sociology
        - author: Morgan Housel
        - year: 2020
        - goodreads: https://www.goodreads.com/book/show/41881472
        - goodreads rating: 4.28
There's something in it:
    []
Good entertainment/fun and/or story is nice:
    []
I've read it:
    [x] Radical candor
        - tags: communication
        - review
            - 2023-03-26: I'm still reading the book, but after the introduction where she talks about her 2x2 the book quickly takes another turn. Maybe she wrote the introduction long after she wrote the early chapters, maybe later in the book she comes back to say some more helpful things, but as soon as the book starts she starts creating idols out of some of the worst managers history has seen and then tries to use that to give herself credit. I got interested in the book after I learned about the 2x2: caring personally and challenging directly. But the first few chapters don't have anything to do with it. On the other hand, they try to provide politically correct justifications for abusive behavior of managers of their reports. It is full of anecdotes about person x who is the CEO of the big company has done y and how that is a great thing, and how Kim has been asked to coach person x. There are a lot dangerous things in there which probably shapes the minds of a lot of higher and probably lower level managers in big tech companies. In that sense it is informative to read the book to understand where that mindset comes from, and maybe try to find a solution for it, but the book so far has been only trying to normalize those behaviors and to remove some of the symptoms that would enable one to diagnose them. Addressing symptoms rather than curing a problem is becoming more common and is a big dangerous trait which is spreading.
            Comparing this to "thanks for the feedback" you can see how immature her thoughts are. She keeps saying 20 years ago I did this and that as a manager and that was a mistake. I should give her credit for that. But then she quickly jumps to the next thought that has come to her after realizing she was doing something wrong and now preaches that as the best thing that everyone should do, and then goes on to theorize why it is a good thing to do. If I assume her naive, I would guess it has never occurred to her that her current thoughts and processes might be wrong too, maybe as bad as her previous ways, or even worse. But she sounds like a very smart person, and according to her, she has worked with many smart people too, so, I could only guess that she has a different agenda that I'm not understanding from reading the book.
            One side thing that keeps bothering me is that she says a story about her beloved dog and how a stranger on the street showed her radical candor by telling her how to treat her dog. The thing that bothers me is that I've read the exact same story in "thanks for the feedback", but they don't mention anyone's name, it's a generic example there. Now, it's quite possible that this story has really happened to Kim and it is a small world and it has shown up in the other book too, but it just keeps bothering me.
            So, all in all, instead of the slogan of the book on how to "Be a Kickass Boss Without Losing Your Humanity", the book so far has been about how to be a kickass boss without losing the image of someone who cares. Of course there are a lot of positive things one can take out of the book, but the book is not trying to offer that directly.
        - author: Kim Malone Scott
        - year: 2017
        - goodreads: https://www.goodreads.com/book/show/29939161
        - goodreads rating: 4.05
Not a good one:
    [x] Big Panda & Tiny Dragon
        - review
            - 2021-11-22: It's cute. I would have loved it if it had a story, or at least a flow. It has some soulful sentences in it though, and the paintings are nice.
        Author: James Norbury
        goodreads: https://www.goodreads.com/book/show/55926835-big-panda-tiny-dragon---special-edition
        tag: Feel-good, quote, painting, cute, fiction
        - year: 2021
        - goodreads rating: 4.38
I highly discourage:
    []
Never finished/started:
    [x] Stumbling on happiness
        - review
            - The book is relatively slow. it tries to discuss an idea, it has a hard time clarifying the concept, then goes on and on elaborating the same thing without really making the idea any clearer. There seems to be some merit to the book, it definitely shows interesting points of view, it's not a wishy-washy book of feel-good vibes etc, and it is not a self-help book, but rather it tries to explain some complicated concepts, the only problem is it doesn't seem like the author knows the concept that well himself. It looks more like an effort by the author to lay down the pieces of a big puzzle one by one in order for himself to understand what the picture is, it is not clear that by the end of the book he’ll get there though. But he still publishes the book. The book references a lot of research and otherwise articles, however the results of those research papers are very liberally interpreted to support a point that the author tries to make, which reduces the credibility of the author. There are also a lot of ideas that are only touched on and not explored in more details, not for the reader, but seems like even the author hasn’t done it for themselves, before starting to write about it. It’s fine, but again, makes one question whether they want to read the book to the end or not. For example, in chapter 2 he talks about how two different people can have different scales of happiness, or have the same scales but rank things differently. It’s an interesting idea, he spends lots of time explaining it, but at the end it is a half cooked idea, and does not add much to the discussion he is having. I mean, you could have a conversation about such thing with your friends over a bottle of beer and it would sound amazing, but to put it in a book I think it should be worked on a bit more. Also, I’m not hoping that he’ll come back to it in later chapters, we’ll have to wait and see.
        - tag: psychology, sociology
        - author: Daniel Todd Gilbert
        - year: 2006
        - goodreads: https://www.goodreads.com/book/show/56627
        - goodreads rating: 3.82
    [x] How it is
        - Author: Samuel Beckett
        - tag: novel, poem, literature
        - year: 1961
        - goodreads: https://www.goodreads.com/book/show/789824
        - goodreads rating: 4.00
        - review
            - Probably I shouldn't have started Beckett by his admittedly most complex writing. But I couldn't really follow the lines. After 2-3 pages in I got a hang of it, could read, but then found myself spending too much energy reading things that should take tenth of hundredth of that much. I understand the point of art, but deliberately making something complicated with nothing really gained in the message or the emotions involved is not my type of art, or not even Tolstoy's! I always think of an artist as a person who gives a form or shape to something that an ordinary person can feel but is unable to reproduce. What Beckett is doing here might have that, I can't speak to that, but the hard work to make it inaccessible to those ordinary people is also definitely there and completely felt. So, if that was his goal, he's achieved it in my case.
imported from goodreads
    [-] Capital: A Critique of Political Economy Volume 1
        - author: Karl Marx
        - year: 1887
        - goodreads: https://www.goodreads.com/book/show/325785
        - goodreads rating: 4.30
    [-] Enlightenment Now: The Case for Reason, Science, Humanism, and Progress
        - author: Steven Pinker
        - year: 2018
        - goodreads: https://www.goodreads.com/book/show/35696171
        - goodreads rating: 4.19
        - review
            - starting this book I thought I'm gonna read a book that uses/praises science, logic, rigor for our current life, but I saw them misused in the early chapters and soon I realized I'm reading a religious book evangelizing super rich. I'm not sure what is with these Canadian psychologists, Jordan Peterson Gabor Mate, now Steven Pinker, who have no credibility in the topics they are talking about yet claim it because they have a degree in some unrelated area and can pretend they understand economics and want to start a new religion. I mean, an economist knows what's missing in their methodologies when making a claim, but I'm not sure if these people know, or they play ignorant so that they can dismiss criticism. Anyways, here's what I think after reading 11 chapters of this book. I skimmed the rest and it all repeats the same fallacies over and over but on different topics: Steven Pinker's "Enlightenment Now" commits the fundamental sin of scientific inquiry: it begins with its conclusion and works backward. This is not research—it is advocacy wrapped in graphs. The book's central dishonesty is methodological. Pinker asks causal and normative questions—Did Enlightenment values cause progress? Are current systems optimal? What should we do?—but attempts to answer them with descriptive statistics. He shows that certain metrics improved over time, then leaps to conclusions about causation, optimality, and future policy that his data simply cannot support. Time series analysis, even when done properly, cannot tell you why something happened or whether alternatives would have been better. It cannot provide counterfactuals. Yet Pinker presents line graphs as if they settle questions that require causal inference, philosophical argument, and rigorous comparison of alternative systems. He cherry-picks starting points not just to bias the analysis, but in ways that reveal the arbitrariness of the entire approach. Any competent analyst knows you cannot extract the conclusions he draws from the data he presents. Consider his treatment of absolute poverty reduction. Technological advancement—medicine, agriculture, energy—would have reduced absolute poverty under almost any political-economic system. China's massive poverty reduction under authoritarianism directly contradicts his thesis that liberal Enlightenment values caused these improvements. Yet he either ignores such inconvenient facts or hand-waves them away. He shows correlation and declares causation, repeatedly, without justification. His approach to metrics is strategic. He defines "progress" narrowly to include only measures that support his thesis while excluding wealth concentration, ecological sustainability, and the distribution of political power. He multiplies related metrics—infant mortality, child mortality, life expectancy at birth, life expectancy at age five—to create an illusion of independent evidence when he is simply measuring the same underlying phenomenon from different angles. This is not rigorous analysis; it is the appearance of rigor in service of predetermined conclusions. On inequality, Pinker goes beyond arguing that absolute poverty matters more than relative inequality. He actively dismisses concern about wealth concentration as "envy," positioning himself well to the right of even conservative economists who recognize inequality's effects on political power, economic efficiency, and social stability. His thesis is unfalsifiable: improvements prove him right, setbacks are temporary blips or prove we need more of his solutions, and critics are simply biased pessimists. The book's real function becomes clear when you ask who it serves. Bill Gates called it his "favorite book of all time." Tech billionaires and corporate conferences platform him enthusiastically. His work provides intellectual cover for resisting redistribution and defending concentrated corporate power—all while claiming scientific neutrality. His nominal social liberalism on issues like gay rights functions primarily as permission structure for hard-right economic positions. Most damaging is what Pinker does to the concept of Enlightenment itself. He has colonized terms like "reason," "science," and "progress" for his specific political project, making it harder for anyone committed to genuine empiricism to use these terms without appearing to endorse his ideology. He presents a false choice: accept his defense of current systems or be labeled anti-Enlightenment. This poisons the well for honest inquiry. The actual Enlightenment tradition included radical egalitarians, critics of concentrated power, and thinkers who understood that reason meant questioning everything—including the systems that benefit the powerful. Voltaire challenged authority. Rousseau critiqued inequality. The Encyclopédistes documented knowledge while examining power structures. They would be appalled by someone using "Enlightenment" to defend plutocracy and dismiss urgent problems. We desperately need rigorous, evidence-based thinking about climate change, inequality, democratic erosion, and technological risk. Instead, Pinker offers motivated reasoning masquerading as science, certainty where there should be questions, and complacency where there should be urgency. He has made the path for those who want genuine enlightenment harder to navigate by creating a neo-religion that treats existing systems as vindicated, billionaires as heroes, and critics as heretics. "Enlightenment Now" is not a contribution to human understanding. It is an obstacle to it—a sophisticated exercise in using the language and authority of science to defend power and discourage the hard work of building something better.
    [x] Three Men in a Boat (Three Men, #1)
        - author: Jerome K. Jerome
        - year: 1889
        - goodreads: https://www.goodreads.com/book/show/4921
        - goodreads rating: 3.83
        - review
            - this is a very fun book. the sense of humor is timeless and the story is so engaging.
    [x] The Art of Gathering: How We Meet and Why It Matters
        - author: Priya Parker
        - year: 2018
        - goodreads: https://www.goodreads.com/book/show/37424706
        - goodreads rating: 3.94
        - review
            - stopped reading about half way through. it gives a lot of Kim Scott vibes, it has an interesting idea but not much substance, most of the text is I did this, so it must be great.
    [x] A Swim in a Pond in the Rain
        - author: George Saunders
        - year: 2021
        - goodreads: https://www.goodreads.com/book/show/53487237
        - goodreads rating: 4.53
        - review
            - There is an added bonus in this book, the book sets to teach you how to read/write/ and think, but since it includes the short stories, you'll enjoy reading some masterpieces too! A few friends had read and enjoyed this book, so I thought I'd give it a try. I'm interested in storytelling and I think it's important to have the skills to convey a certain message in a way that the reader wants to continue reading, not necessarily agreeing. These are fundamental skills that I lack and I wish to have. The book was fascinating. It even talks about how to get the reader to disagree with you! What hit me the most wasn't like any "aha" moment - it was more like: duh, of course that works this way, now how can I do this more programmatically? Each story had its unique set of techniques. It was amazing that Saunders didn't repeat them over and over, instead contrasted them against each other or used one to complete another. Using flawed characters is one level, but using a flawed author's voice by Gogol was a whole other level. Initially when I read that story I was like, so what? What is this trying to say? What is so good about this? But when he breaks it down, I start learning how to read more than how to write. It shows how some authors work on your thoughts without you even noticing they are doing that. In the first chapter Saunders breaks down each story page by page. At the end of each page he asks questions, and the questions evolve as you go. Early on he asks: - Look away from the page and summarize what you know so far - What are you curious about? - Where do you think the story is headed? But then he adds more complex ones: - Is this a story yet? Why yes/no? - What if we ended right here - would that be satisfying? - What is this story "about" for you? - How were you made to care about this character? He teaches you how to respond to these questions too - concepts like increased specification, meaningful action, expectation-setting. He forces you to consider alternatives: why this person, why not someone else, why this day, why the weather is nice? All these questions give you reasons to appreciate the story as a reader. I think he expect the reader to the same as they go through the rest of the chapters, I didn't really do it, but I think I should :p I'm thinking of two things he mentions. One is that every piece in a short story has a goal, it needs to be efficient. When something enters the text it needs to change the outcome somehow. The other is always escalating. That's what keeps readers reading. From chapter to chapter, I feel like I could use some of the previous techniques, though it requires slowing down by orders of magnitude, which I don't always like to do. But when done, it leaves such a deeper impact on me. I feel like I'm not gonna use them on everything I read, because some writers might not even be worth that much time, but I'm certainly going to do it with the ones that I think there's something to be learned from. I want to make this into a process when I'm reading. I can do all these things, and when I've done it enough, it will become second nature to me. I'll do it as I'm reading, I don't need to pause every page and do it - I'll do it as I read every word in my head. This is only from the first chapter though. In the next chapters he gets deeper and deeper, and more complex questions need to be answered. I think I have to go through the book one more time and extract these learnings and methodologies as I read it. -- I listened to the audiobook which was amazing since the author reads it, but there are other people who read the short stories, it was a great experience. But now I'm going to go through the ebook again and highlight parts and make notes.
    [x] Freakonomics: A Rogue Economist Explores the Hidden Side of Everything
        - author: Steven D. Levitt
        - year: 2005
        - goodreads: https://www.goodreads.com/book/show/1202
        - goodreads rating: 4.01
    [x] Thinking In Systems: A Primer
        - author: Donella H. Meadows
        - year: 2008
        - goodreads: https://www.goodreads.com/book/show/3828902
        - goodreads rating: 4.18
        - review
            - short version: I think this is an important concept but the book didn't give me what I was looking for, instead just tried to convince the reader this is important, and didn't do a good job of it either. long version: I thought the book will be more mathematical and include actual theories, but it turned out that this is mostly to convince the reader that they should think about problems in terms of systems and they should ask questions in terms of what happens to the systems which I was convinced of and still the book didn't do a great job of it. For convincing it should have shown the impact of thinking in those terms with examples, and the book has several examples but they jump from problem statement to the praise of how great systems thinking is, likely for two reasons, 1. the actual impact is not that big since everyone does think in terms of systems more or less consciously or unconsciously and making it formal might not change the outcome that drastically but just makes it easier to communicate and faster and more process-like to accomplish, 2. since the theory is not explained it is hard to make the connection from the problem statement to the solution and measuring the impact, though measuring it is likely very hard if not impossible since I'm the problems mentioned usually there's no counterfactual situation observed. however I think with the spread of the the topic it could be used in settings that counterfactuals can be observed and the impact could be measured. considering that the book was written 30 years ago and the theory was still being very much developed, it's interesting to see where we're now and what else has been done using this kind of thinking. I'm going to find more in depth books on the topic to read.
    [x] You & a Bike & a Road
        - author: Eleanor Davis
        - year: 2017
        - goodreads: https://www.goodreads.com/book/show/31944971
        - goodreads rating: 4.27
        - review
            - very nice book, the honesty in facing herself is inspiring.
    [x] How to Keep House While Drowning
        - author: K.C.  Davis
        - year: 2022
        - goodreads: https://www.goodreads.com/book/show/60139504
        - goodreads rating: 4.20
        - review
            - This is a very good practical book with no nonsense. It might not be useful for everyone, but for those who do struggle with chores and self care, it has a series of small practical advice and strategies that are useful. The main point of the book is taking care of daily chores doesn't have a moral value and should simply be seen as a pragmatic thing to do to have a functional living space and body. It also suggests that perfectionism is a flawed way of thinking and good enough is more functional than perfect. My favorite quote is "anything worth doing is worth doing half assed". The chapters are very short and the examples are very to the point. The last few chapters touch on a little broader topics such as body image etc that could be helpful to some people too.
    [x] How to Listen to Jazz
        - author: Ted Gioia
        - year: 2016
        - goodreads: https://www.goodreads.com/book/show/26240779
        - goodreads rating: 4.07
    [x] The Idiot
        - author: Fyodor Dostoevsky
        - year: 1869
        - goodreads: https://www.goodreads.com/book/show/12505
        - goodreads rating: 4.21
        - review
            - It is hard to believe that this was written in 1860's, such contemporary metters are discussed at length here. It is clear that this was written after Dostoyevsky's exile, but I had to check to make sure it was written after crime and punishment, but only 3 years after. This one is a lot more coherent and has more upfront about what it wants to say. The whole structure of the book is set inside a romantic drama, almost a soap opera even, but it seems like the author has no desire in it while he knows very well how to use it to hook the audience. There's often a very heated romance scene, and suddenly something happens and a character goes on a very long monolog about a societal or philosophical topic. It's not even clear that if Dostoyevsky agrees with the points of those characters, he's likely just examining those ideas by putting them into words in this way. The various parts of the book have very different paces, for example, the entire part one happens in just one day, morning to evening. Some parts over several months. The last part is narrated as a report as concise as possible. Overall, it is a very engaging book and explores important themes. While it is said that the book focuses on religion and nationalism, I didn't find it a main point of the book. The interactions of the characters were the most fascinating part.
    [-] Wild West Women: Travellers, Adventurers and Rebels
        - author: Rosemary Neering
        - year: 2000
        - goodreads: https://www.goodreads.com/book/show/2581773
        - goodreads rating: 3.63
    [x] Man's Search for Meaning
        - author: Viktor E. Frankl
        - year: 1946
        - goodreads: https://www.goodreads.com/book/show/4069
        - goodreads rating: 4.37
        - review
            - Mostly an ideology book.
    [x] Disillusionment
        - author: Thomas Mann
        - year: 1953
        - goodreads: https://www.goodreads.com/book/show/24072516
        - goodreads rating: 4.12
    [x] Thinking, Fast and Slow
        - author: Daniel Kahneman
        - year: 2011
        - goodreads: https://www.goodreads.com/book/show/11468377
        - goodreads rating: 4.17
    [x] 'Art'
        - author: Yasmina Reza
        - year: 1994
        - goodreads: https://www.goodreads.com/book/show/284022
        - goodreads rating: 3.78
    [x] The God Delusion
        - author: Richard Dawkins
        - year: 2006
        - goodreads: https://www.goodreads.com/book/show/14743
        - goodreads rating: 3.90
    [x] Kafka on the Shore
        - author: Haruki Murakami
        - year: 2002
        - goodreads: https://www.goodreads.com/book/show/4929
        - goodreads rating: 4.11
        - review
            - I have some mixed feelings about this book. It's the first book I'm reading by Murakami, and the audio production was great. The book has some Tolstoy feeling in it, as in, it does something psychologically to you, but I'm not exactly sure what. I also don't know how much I can trust Murakami, to open myself up to let him do what I don't know what it is. That said, it was a very engaging book that touched on a million small topics with one big theme sorrounding them all. The stream of consciousness at the beginning and slowly the multiple stories joining with each other is very exciting. The characters are consistent throughout the book and everything goes on logically, though a logic that is not feasible in our world, but is consistent. And eventually everything becoming like a dream or even a nightmare maybe. There is an erotic theme that is secondary to the story throughout most of the book and tries to become the maim story, but always something else happens and it goes away, until at some point you realize that it has become the main theme. Quite a new experience for sure.
    [x] The Secret Thoughts of Successful Women
        - author: Valerie Young
        - year: 2011
        - goodreads: https://www.goodreads.com/book/show/10878510
        - goodreads rating: 3.85
    [x] The Math Book: From Pythagoras to the 57th Dimension, 250 Milestones in the History of Mathematics (Union Square & Co. Milestones)
        - author: Clifford A. Pickover
        - year: 2009
        - goodreads: https://www.goodreads.com/book/show/6393242
        - goodreads rating: 4.03
        - review
            - It's more of a coffee table book. It's pretty.
    [x] Logicomix: An Epic Search for Truth
        - author: Apostolos Doxiadis
        - year: 2009
        - goodreads: https://www.goodreads.com/book/show/6493321
        - goodreads rating: 4.06
        - review
            - A fun comics book for anyone.
    [x] Love and Math: The Heart of Hidden Reality
        - author: Edward Frenkel
        - year: 2013
        - goodreads: https://www.goodreads.com/book/show/17290683
        - goodreads rating: 3.70
        - review
            - The way Frenkel interweaves his biography and history of mathematics and then approaches his research is fascinating and a very fun and informative read.
    [x] A Mathematician's Apology
        - author: G.H. Hardy
        - year: 1940
        - goodreads: https://www.goodreads.com/book/show/154060
        - goodreads rating: 3.91
        - review
            - This book has changed my life. While I don't agree with all of Hardy's conclusions, and while I think many people have misunderstood what he meant, the way he represents his thoughts has formed so much of how I think about mathematics, and well, life. I've read this a couple decades ago. I think I should read it once more to see if I still feel the same.
    [x] Uncle Petros and Goldbach's Conjecture
        - author: Apostolos Doxiadis
        - year: 1992
        - goodreads: https://www.goodreads.com/book/show/183015
        - goodreads rating: 4.04
        - review
            - An insider point of view of the life of a mathematician in a fictional story that resembles so much of the real world.
    [x] The Underground Railroad
        - author: Colson Whitehead
        - year: 2016
        - goodreads: https://www.goodreads.com/book/show/30555488
        - goodreads rating: 4.06
        - review
            - A very powerful way of storytelling. The initial chapters sounded like any other historical novel, and it was getting boring, but then it picked up and it started mixing reality and fiction. The messages there are very powerful and in more than one instance I felt it is telling the story of our lives , all of us, of any color. Easily one of the best things I've read I'm a while.
    [x] An Immense World: How Animal Senses Reveal the Hidden Realms Around Us
        - author: Ed Yong
        - year: 2022
        - goodreads: https://www.goodreads.com/book/show/59575939
        - goodreads rating: 4.46
        - review
            - I got this book as a gift for a friend who is very interested in understanding what animals think and feel. We were just talking about how a hummingbird would see humans a slow animal like we see slugs. Then a colleague talked about this book and later Mike read and liked it. So I got the book and couldn't resist it. One of the positive points of the book is the use of scientific research and explaining the results in a way that I can understand, and in a very engaging way. I think that's a great gift that Ed has and uses it beautifully to create awareness and to share knowledge. Of course the book has some biases, and is aware of it and doesn't hide it. But that's besides the point of this book. That birds can smell or not is an important question, but the answer is not as important as asking and trying to answer that question. The other thing I liked about the book is the refrain from ranking and comparing species. Though it inevitably does it, but it tries not to. The number of research articles that it summarizes, the stories that it recites from researchers working on these topics, the road that the science has taken to answer such questions, and the structure of the book, they are all such great wealth of knowledge that definitely has taken years to collect and organize. I'm so happy I read this book and so glad that there are people who write such books. There was no way for me to get so much information and expand my point of view in such a short time. This is a highly recommended book to anyone who has wondered about animals (and humans for that matter) in any capacity.
    [-] How Humans Judge Machines
        - author: César A.  Hidalgo
        - goodreads: https://www.goodreads.com/book/show/53730365
        - goodreads rating: 4.00
    [x] Atlas of the Heart: Mapping Meaningful Connection and the Language of Human Experience
        - author: Brené Brown
        - year: 2021
        - goodreads: https://www.goodreads.com/book/show/58330567
        - goodreads rating: 4.32
        - review
            - This is an amazing book, the author is trustworthy, and the content are extremely useful. Knowing about the definition of the words that are about emotions did not directly give me a way to communicate them better, or get help, but as a mathematician, I highly respect the fact that someone has put in an effort to define those carefully. On top of that some of these words are clustered together and compared with each other. I think this is a very fundamental piece of work for later efforts related to emotions. However, I think there could be more done on terms of clustering, but it might require years of research which is not done yet. One of the weaker aspects of the book is some of the emotions are defined only in comparison to other emotions, like "x is not y" type of definition, which I don't find helpful on their own. Another part that could be improved is some times the author tries to convince the reader that the word x doesn't mean what most people think it means and that it means something else. While from a historical point of view they might be accurate, the role of the language, and partly the goal of this book, is to enable people to connect concepts and words so that can be communicated. I appreciate an effort to unify the definition of a concept, though it should be done the other way around I think. Oh, and the audio book version with the voice of the author is amazing. They read it so perfectly. I love the parts they repeat a sentence, or add exclamations. There are two things that encourages me to read more from this author: that I think they have a lot more to say when it comes to treating a person, and that concept of "near enemies". The part about treating is apparent from all the "advice"-like paragraphs in the later chapters. Someone who goes on and writes an entire book to just start talking with someone about their emotions should be amazing at their job, even if our points of view don't match, I'd love to learn from them. And the concept of near enemies is just fascinating. I think it'd apply to so many other things too, I'd like to learn more about what people have categorized in this way.
    [-] Math Games with Bad Drawings: 75 1/4 Simple, Challenging, Go-Anywhere Games―And Why They Matter
        - author: Ben Orlin
        - year: 2022
        - goodreads: https://www.goodreads.com/book/show/58684397
        - goodreads rating: 4.57
    [x] The Tell-Tale Heart
        - author: Edgar Allan Poe
        - year: 1843
        - goodreads: https://www.goodreads.com/book/show/899492
        - goodreads rating: 4.24
    [x] Weapons of Math Destruction: How Big Data Increases Inequality and Threatens Democracy
        - author: Cathy O'Neil
        - year: 2016
        - goodreads: https://www.goodreads.com/book/show/28186015
        - goodreads rating: 3.87
    [x] دلقک بازی جلوی جوخه اعدام
        - author: سید مهدی موسوی
        - year: 2018
        - goodreads: https://www.goodreads.com/book/show/40249983
        - goodreads rating: 3.61
        - review
            - یادم نیست کتاب رو از کجا پیدا کردم. حدود یک چهارم کتاب رو خوندم. اشعار به نظر خیلی خودمونی میان، اولهاش حس کردم‌ که داره سعی میکنه خودش رو بذاره جای اشخاص متفاوت و از زبان اونها شعر بگه، اما تکرار موضوعات و احساسات باعث شد که اون حس از بین بره، ولی خب موضوعات تکراری شدن. خیلی از شعرهاش برای یک بار خوندن بد نیستن، و تک و توک کارهای قوی هم‌ توشون هست. اما یه تعدادی رو هم اصلا نتونستم باهاشون ارتباط برقرار کنم. برای کسی که بخواد شناختی شخصی از شاعر داشته باشه فکر کنم کتاب جالبی باشه، توانایی بیان احساساتش بدون سانسور کردن خودش بالاست و به نظرم موفق بوده. اما من خیلی جذب موضوع نشدم.
    [x] Can You Hear Me Now?: How I Found My Voice and Learned to Live with Passion and Purpose
        - author: Celina Caesar-Chavannes
        - year: 2021
        - goodreads: https://www.goodreads.com/book/show/54080568
        - goodreads rating: 4.08
        - review
            - The first half of the book is an autobiography and around the middle of the book, it starts talking about her career and closely gets into Canadian politics. The first half is important to give a context on where she comes from and what's her approach towards the world in general. I was interested in the topics discussed in the second half, but unfortunately, she doesn't get into the details enough I think. Nonetheless, it is a powerful book and gives an insider's view of what is happening in the parliament.
    [x] The Complete Persepolis
        - author: Marjane Satrapi
        - year: 2007
        - goodreads: https://www.goodreads.com/book/show/991197
        - goodreads rating: 4.40
        - review
            - I learned about the book from the animation based on this book, and while I found it a nice movie to watch, the details were a bit cheesy and holywood-like. So, I always recommend the film to friends with a few words of caution first. I stumbled upon the book on my friend's bookshelf and they let me borrow it, and starting from the first few pages I got hooked. Unlike the film, the book is a personal account of what happened to Marjane during those years, it feels honest, to the point, and with the right amount of details that makes you develop a sense of the situation at the time, it doesn't try to convince you that everyone had the same experience, but quite opposite, it shows that different people were experiencing very different things, and tries to be as open as a teenage girl in that situation can be, reflecting on others' emotions and situations. In the wake of what's happening these days in Iran, it was a good point of reference for me to have since as a boy, I haven't come to fully appreciate what girls go through in my country, and this helped a bit, maybe it could serve as a starting point to enquire more. All in all, it is an excellent book, engaging, and hard to put down.
    [x] The Reason I Jump: the Inner Voice of a Thirteen-Year-Old Boy with Autism
        - author: Naoki Higashida
        - year: 2005
        - goodreads: https://www.goodreads.com/book/show/16113737
        - goodreads rating: 3.88
        - review
            - I leaned about the book after watching a movie with the same name. The movie follows a few children around the world that have autism and are speechless. The book is by a 13 year old (at the time) Japanese boy, Naoki, who is autistic and is speechless. The most fascinating thing about the book for me is the level of understanding of the author not only of the people with autism but also of non-autistic ones and the ability to set them side by side and describe their differences. The ability to learn a language of people with concepts foreign to him, and then try to figure out how would they think about his situation and explain it to them in their language. It's something that definitely non-autistic people have failed at it, and have completely given up even trying. The next big thing about the book for me is how clearly it describes all of "my" frustrations with people around me. There were numerous times that he says only if people would understand this or that about me, and I had never felt like someone describing my feelings so well. I feel I'm probably half way between autistic and non-autistic people. Finally, these are the words of a representative of a group of people that we don't understand much if at all, and nothing is more exciting to get to know them from their point of view. The only thing I wish was different about the book is that it didn't spend the entire book answering questions that others have or might have about autism, rather talking a bit more about what he wanted us to know. Still does it to a certain extent. And yes, I totally recommended the movie too.
    [x] I Have More Souls Than One
        - author: Fernando Pessoa
        - year: 1918
        - goodreads: https://www.goodreads.com/book/show/36436095
        - goodreads rating: 3.96
        - review
            - The book is a selection of poems that are reflecting 4 different personas that Pessoa takes on, bit seemingly there just 4 different pen names over periods of his life and at times they came back. There are some poems that I can really feel, and there are some that I don't even understand what they're about, I blame the latter on translation, and not particularly on Griffin's because translating poems is just impossible, or at least Apollinaire thought so. A lot of the poems are from later in his life 1931-1935. Some of the poems just feel like he's boasting about how intellectual he thinks he is or how philosophical he can get, or how much of snob he can be. So many times using the term "metaphysics"!?! What does that even mean? Anyways, many other ones are very pleasant to read. Tobacconist's and the one about Newton are my favorites.
    [x] A Dream Of Freedom: the civil Rights Movement from 1954-1968
        - author: Diane McWhorter
        - year: 2004
        - goodreads: https://www.goodreads.com/book/show/890220
        - goodreads rating: 4.09
    [x] عقاید یک دلقک
        - author: Heinrich Böll
        - year: 1963
        - goodreads: https://www.goodreads.com/book/show/326272
        - goodreads rating: 3.93
    [x] Blindness
        - author: José Saramago
        - year: 1995
        - goodreads: https://www.goodreads.com/book/show/2526
        - goodreads rating: 4.18
    [x] Seeing
        - author: José Saramago
        - year: 2004
        - goodreads: https://www.goodreads.com/book/show/47667
        - goodreads rating: 3.86
    [x] The Metamorphosis
        - author: Franz Kafka
        - year: 1915
        - goodreads: https://www.goodreads.com/book/show/485894
        - goodreads rating: 3.91
    [x] The Best Short Stories of Fyodor Dostoevsky
        - author: Fyodor Dostoevsky
        - year: 1877
        - goodreads: https://www.goodreads.com/book/show/12852
        - goodreads rating: 4.23
    [x] The Lost Honor of Katharina Blum
        - author: Heinrich Böll
        - year: 1974
        - goodreads: https://www.goodreads.com/book/show/69880
        - goodreads rating: 3.70
    [x] All Men Are Mortal
        - author: Simone de Beauvoir
        - year: 1946
        - goodreads: https://www.goodreads.com/book/show/152057
        - goodreads rating: 4.12
    [x] Pride and Prejudice
        - author: Jane Austen
        - year: 1813
        - goodreads: https://www.goodreads.com/book/show/1885
        - goodreads rating: 4.30
    [x] The Kite Runner
        - author: Khaled Hosseini
        - year: 2003
        - goodreads: https://www.goodreads.com/book/show/77203
        - goodreads rating: 4.36
    [x] The Alchemist
        - author: Paulo Coelho
        - year: 1988
        - goodreads: https://www.goodreads.com/book/show/865
        - goodreads rating: 3.92
    [x] Animal Farm
        - author: George Orwell
        - year: 1945
        - goodreads: https://www.goodreads.com/book/show/7613
        - goodreads rating: 4.02
    [x] Slapstick, or Lonesome No More!
        - author: Kurt Vonnegut Jr.
        - year: 1976
        - goodreads: https://www.goodreads.com/book/show/9595
        - goodreads rating: 3.85
    [x] A Man Without a Country
        - author: Kurt Vonnegut Jr.
        - year: 2005
        - goodreads: https://www.goodreads.com/book/show/4979
        - goodreads rating: 4.10
    [x] Jacques and His Master: An Homage to Diderot in Three Acts
        - author: Milan Kundera
        - year: 1971
        - goodreads: https://www.goodreads.com/book/show/18219
        - goodreads rating: 3.73
    [x] Immortality
        - author: Milan Kundera
        - year: 1990
        - goodreads: https://www.goodreads.com/book/show/28634
        - goodreads rating: 4.14
    [x] Slaughterhouse-Five
        - author: Kurt Vonnegut Jr.
        - year: 1969
        - goodreads: https://www.goodreads.com/book/show/4981
        - goodreads rating: 4.10
    [x] What Is Art?
        - author: Leo Tolstoy
        - year: 1897
        - goodreads: https://www.goodreads.com/book/show/127963
        - goodreads rating: 3.73
    [x] Timequake
        - author: Kurt Vonnegut Jr.
        - year: 1997
        - goodreads: https://www.goodreads.com/book/show/9594
        - goodreads rating: 3.73
    [x] As I Lay Dying
        - author: William Faulkner
        - year: 1930
        - goodreads: https://www.goodreads.com/book/show/77013
        - goodreads rating: 3.72
    [x] روایت عاشقانه‌ای از مرگ در ماه اردی‌بهشت
        - author: محمد چرم شیر
        - year: 2009
        - goodreads: https://www.goodreads.com/book/show/6666565
        - goodreads rating: 3.09
    [x] همنوایی شبانه ارکستر چوبها
        - author: رضا قاسمی
        - year: 1991
        - goodreads: https://www.goodreads.com/book/show/117904
        - goodreads rating: 3.77
    [x] Ragtime
        - author: E.L. Doctorow
        - year: 1975
        - goodreads: https://www.goodreads.com/book/show/175675
        - goodreads rating: 3.90
    [x] زن در ریگ روان
        - author: Kōbō Abe
        - year: 1962
        - goodreads: https://www.goodreads.com/book/show/1540812
        - goodreads rating: 3.88
    [x] The Catcher in the Rye
        - author: J.D. Salinger
        - year: 1951
        - goodreads: https://www.goodreads.com/book/show/5107
        - goodreads rating: 3.80
    [x] The Little Prince
        - author: Antoine de Saint-Exupéry
        - year: 1943
        - goodreads: https://www.goodreads.com/book/show/157993
        - goodreads rating: 4.33
    [x] The Absolutely True Diary of a Part-Time Indian
        - author: Sherman Alexie
        - year: 2007
        - goodreads: https://www.goodreads.com/book/show/693208
        - goodreads rating: 4.05
reading list
    [] The age of surveillance capitalism
        - author: Shoshana Zuboff
        - year: 2018
        - goodreads: https://www.goodreads.com/book/show/26195941
        - goodreads rating: 4.05
        - review
            - 2024-04-16: This is a reaaaaally long book, and really dark, but that just says how deep in trouble we are. While it didn't have too many news for me, I learned quite a few things and it put things in a very robust perspective, drawing parallels to what we have experienced in history, and what is new to us and is being experienced for the first time. I wish the language was a bit less of a doomsday-sayer's one so that I could easily recommend this to most others to read, but I think when there's fire there's no other way of announcing it by yelling fire. I would still say anyone who has ever touched a smartphone or a computer should read this book. There's too much to discuss, but one of the things that I really liked is how she explains the situation we are in with a huge amount of clarity, and then her restless effort of translating what goes into terms of services that we sign, the lack of any laws to govern the tech industry, and that how we are OK with all of this. A much smaller piece but still an enjoyable part is how she dismantles the "if it's free, then you're the product" and replaces it with "if it's free you're the raw material", and clarifies the distinction.
    [] hold me tight 
    [] No hard feelings
        - author:
            - Liz Fosslien
            - Mollie West Duffy
        - year: 2019
        - goodreads: https://www.goodreads.com/book/show/42734244
        - goodreads rating: 4.01
    [] Why nations fail
        - author: Daron Acemoğlu
        - year: 2012
        - goodreads: https://www.goodreads.com/book/show/12158480
        - goodreads rating: 4.09
        - review
            - Rants so far: I'm starting to lose interest in the book. It starts with the premise that putting decision-making power in people's hands is what makes nations economically grow and that what makes nations flourish. Quite the opposite of the topic of the title of the book. It wants the reader to implicitly conclude not putting power in people's hands would make nations fail. Or maybe they didn't really want to write about why nations fail, but this title came afterwards and sounds way more sexy than whatever else they had in mind and they kept it. Aside from nitpicking on the title, the first 6 chapters of the book are repetitively talking about how important democracy is and as a result how bad anything else is. They go on and on by viewing every single event in the world and history through this lens and to justify their already assumed premise. I would have liked to see a bit more rigorous discussion and arguments here, rather than repeating it a million times. Of course if you have a point of view you can go and view everything through that lens and be happy that your view "doesn't fall apart", but that also doesn't prove anything. While I have my opinions about democracy, I agree that putting power in people's hand is the best course of action, but I needed something more, something that makes a logical connection, not just anecdotes, for those who already believe in it. I at least expected way more than a UChicago economics professor and an economics Nobel prize winner. I'm going to try to read a bit more, but if it continues this way, I'm going to stop reading it. They also don't ever mention the places where their premise fails. Any reasonable person knows they cannot have a theory that explains EVERYTHING. Well, except maybe for economists? And some phyisicists at a certain point in the last century. This approach isn't very scientific. If you are writing a several hundred pages book at least include what isn't working in your theory. I really enjoy the historical context they provide though. I belive it is very hard to get such a collection anywhere else so easily. Though I keep in mind that the way they have written the book, now I susptect they have hand picked the "parts" of the story that adhere to their view. Some of their "writing techniques" are also anooying. I don't need to know the long unpronounceable names of random people in a random tribe in ancient Maya to get the story, you're just trying to force me to believe you by creating authority.
    [] Why democracies fail
    [] DEI deconstructed
        - author: Lily Zheng
        - goodreads: https://www.goodreads.com/book/show/62902729
        - goodreads rating: 4.26
    [] The art of logic in an illogical world
        - author: Eugenia Cheng
        - year: 2018
        - goodreads: https://www.goodreads.com/book/show/38400400
        - goodreads rating: 3.47
    [] Math with bad drawings:
        - author: Ben Orlin
        - year: 2018
        - goodreads: https://www.goodreads.com/book/show/36205393
        - goodreads rating: 4.22
    [] legends of vancouver
        - author: E. Pauline Johnson
        - year: 1911
        - goodreads: https://www.goodreads.com/book/show/3229836
        - goodreads rating: 4.08
    [] causal inference in statistics
        - Judea Pearl, Madelyn Glymour, Nicholas Jewel
    [] counterfactuals and causal inference
        - author: Stephen Morgan, christopher Winship
    [] The Culture Map: Breaking Through the Invisible Boundaries of Global Business
        - author: Erin Meyer
    [] Polysecure: Attachment, Trauma and Consensual Nonmonogamy
        - author: Jessica Fern
    [] Come as You Are: The Surprising New Science that Will Transform Your Sex Life
        - author: Emily Nagoski
    [] The Work of Art in the Age of Its Technological Reproducibility, and Other Writings on Media
        - author: Walter Benjamin
    [] The Power Broker: Robert Moses and the Fall of New York
        - author: Robert A. Caro
    [] Civil Disobedience
        - author: Henry David Thoreau
    [] The World-Ending Fire: The Essential Wendell Berry
        - author: Wendell Berry
    [] I Could Live Here Forever
        - author: Hanna  Halperin
    [] Nineteen Ways of Looking at Wang Wei: How a Chinese Poem is Translated
        - author: Eliot Weinberger
    [] Capital in the Twenty First Century
        - author: Thomas Piketty
    [] The Buffalo Hunter Hunter
        - author: Stephen Graham Jones
    [] Why Fish Don’t Exist: A Story of Loss, Love, and the Hidden Order of Life
        - author: Lulu Miller
    [] Monsters: A Fan's Dilemma
        - author: Claire Dederer
    [] Attention Factory: The Story of TikTok & China’s ByteDance
        - author: Matthew  Brennan
    [] The Cold Start Problem: How to Start and Scale Network Effects
        - author: Andrew Chen
    [] Thank You for Arguing: What Aristotle, Lincoln, and Homer Simpson Can Teach Us About the Art of Persuasion
        - author: Jay Heinrichs
    [] Women Who Run With the Wolves
        - author: Clarissa Pinkola Estés
    [] The Secret History
        - author: Donna Tartt
    [] The Emperor of All Maladies: A Biography of Cancer
        - author: Siddhartha Mukherjee
    [] The Gene: An Intimate History
        - author: Siddhartha Mukherjee
    [] Vehicles: Experiments in Synthetic Psychology
        - author: Valentino Braitenberg
    [] The Song of Achilles
        - author: Madeline Miller
    [] Circe
        - author: Madeline Miller
    [] Peopleware: Productive Projects and Teams
        - author: Tom DeMarco
    [] On Complexity
        - author: Edgar Morin
    [] Flowers for Algernon
        - author: Daniel Keyes
    [] Why We Believe: Evolution and the Human Way of Being (Foundational Questions in Science)
        - author: Agustín Fuentes
    [] The Adaptive Markets Hypothesis: An Evolutionary Approach to Understanding Financial System Dynamics (Clarendon Lectures in Finance)
        - author: Andrew W. Lo
    [] What's Our Problem?: A Self-Help Book for Societies
        - author: Tim Urban
    [] Careless People: A Cautionary Tale of Power, Greed, and Lost Idealism
        - author: Sarah Wynn-Williams
    [] Resisting AI: An Anti-fascist Approach to Artificial Intelligence
        - author: Dan McQuillan
    [] هرس
        - author: نسیم مرعشی
    [] Without Children: The Long History of Not Being a Mother
        - author: Peggy O'Donnell Heffington
    [] The Impossible Story of Hannah Kemp
        - author: Leonie Agnew
    [] Music: A Subversive History
        - author: Ted Gioia
    [] The History of Jazz
        - author: Ted Gioia
    [] بازگشت به پنج‌رود
        - author: Andrei Volos
    [] Back to Panjrud (Hardcover) / Russian Literature of Chinese-Russian Literature Inter-Translation Program (Chinese Edition)
        - author: Andrei Volos
    [] White Tears/Brown Scars: How White Feminism Betrays Women of Color
        - author: Ruby Hamad
    [] The Hite Report on Male Sexuality
        - author: Shere Hite
    [] The Hite Report: A Nationwide Study of Female Sexuality
        - author: Shere Hite
    [] Hood Feminism: Notes from the Women That a Movement Forgot
        - author: Mikki Kendall
    [] Invisible Rulers: The People Who Turn Lies into Reality
        - author: Renee DiResta
    [] And Then? And Then? What Else?
        - author: Daniel Handler
    [] Small Is Beautiful: Economics as if People Mattered
        - author: Ernst F. Schumacher
    [] Algorithms to Live By: The Computer Science of Human Decisions
        - author: Brian  Christian
    [] Data Grab: The New Colonialism of Big Tech and How to Fight Back
        - author: Ulises A. Mejias
    [] Inside Out & Back Again
        - author: Thanhhà Lại
    [] Work Won't Love You Back: How Devotion to Our Jobs Keeps Us Exploited, Exhausted, and Alone
        - author: Sarah  Jaffe
    [] Math for English Majors
        - author: Ben Orlin
    [] Tomorrow, and Tomorrow, and Tomorrow
        - author: Gabrielle Zevin
    [] The New Math: A Political History
        - author: Christopher J. Phillips
    [] 100 Strategic Games for Pen and Paper
        - author: Walter Joris
    [] Deschooling Society
        - author: Ivan Illich
    [] The Right to Useful Unemployment: And Its Professional Enemies
        - author: Ivan Illich
    [] The Beginning of Infinity: Explanations That Transform the World
        - author: David Deutsch
    [] The Fabric of Reality: The Science of Parallel Universes--and Its Implications
        - author: David Deutsch
    [] Deming's Journey to Profound Knowledge: How Deming Helped Win a War, Altered the Face of Industry, and Holds the Key to Our Future
        - author: John Willis
    [] The Unexpected Man - Acting Edition
        - author: Yasmina Reza
    [] Conversations After a Burial
        - author: Yasmina Reza
    [] The God of Carnage
        - author: Yasmina Reza
    [] Men Without Women
        - author: Haruki Murakami
    [] Know My Name
        - author: Chanel Miller
    [] Draw Your Weapons
        - author: Sarah Sentilles
    [] Prediction Machines: The Simple Economics of Artificial Intelligence
        - author: Ajay Agrawal
    [] Adventures of a Mathematician
        - author: Stanislaw M. Ulam
    [] Mathematics: A Very Short Introduction
        - author: Timothy Gowers
    [] Sync: The Emerging Science of Spontaneous Order
        - author: Steven H. Strogatz
    [] The Black Swan: The Impact of the Highly Improbable
        - author: Nassim Nicholas Taleb
    [] Fooled by Randomness: The Hidden Role of Chance in Life and in the Markets (Incerto)
        - author: Nassim Nicholas Taleb
    [] The Signal and the Noise: Why So Many Predictions Fail—But Some Don't
        - author: Nate Silver
    [] 100 Things Every Designer Needs to Know About People
        - author: Susan M. Weinschenk
    [] Technically Wrong: Sexist Apps, Biased Algorithms, and Other Threats of Toxic Tech
        - author: Sara Wachter-Boettcher
    [] Mismatch: How Inclusion Shapes Design
        - author: Kat  Holmes
    [] The Water Dancer
        - author: Ta-Nehisi Coates
    [] Power to the Public: The Promise of Public Interest Technology
        - author: Tara Dawson McGuinness
    [] One Drop: Shifting the Lens on Race
        - author: Yaba Blay
    [] Poverty, by America
        - author: Matthew Desmond
    [] An Answer to the Question: What Is Enlightenment?
        - author: Immanuel Kant
    [] Better Now: Six Big Ideas to Improve Health Care for All Canadians
        - author: Danielle Martin
    [] Statistics of Extremes (Dover Books on Mathematics)
        - author: Emil Julius Gumbel
    [] Teaching Critical Thinking: Practical Wisdom
        - author: bell hooks
    [] Money and Love: An Intelligent Roadmap for Life’s Biggest Decisions—Balancing Rationality and Emotion, and Navigating the Interdependence of Personal and Financial Choices
        - author: Myra Strober
    [] The Big Con: How the Consulting Industry Weakens our Businesses, Infantilizes our Governments and Warps our Economies
        - author: Mariana Mazzucato
    [] I’m Not Yelling: A Black Woman's Guide to Navigating the Workplace (Black Women Books, Female Empowerment)
        - author: Elizabeth Leiba
    [] Mostly Harmless Econometrics: An Empiricist's Companion
        - author: Joshua D. Angrist
    [] The Righteous Mind: Why Good People Are Divided by Politics and Religion
        - author: Jonathan Haidt
    [] A Short History of Nearly Everything
        - author: Bill Bryson
    [] Dying for a Paycheck: How Modern Management Harms Employee Health and Company Performance—and What We Can Do About It
        - author: Jeffrey Pfeffer
    [] Super-Infinite: The Transformations of John Donne
        - author: Katherine Rundell
    [] Because We Are Bad: OCD and a Girl Lost in Thought
        - author: Lily  Bailey
    [] Human Acts
        - author: Han Kang
    [] Everything I Never Told You
        - author: Celeste Ng
    [] The Good Life Elsewhere
        - author: Vladimir Lorchenkov
    [] Quit: The Power of Knowing When to Walk Away
        - author: Annie Duke
    [] Made to Stick: Why Some Ideas Survive and Others Die
        - author: Chip Heath
    [] Switch: How to Change Things When Change Is Hard
        - author: Chip Heath
    [] What Are Little Girls Made Of?: The Roots of Feminine Stereotypes
        - author: Elena Gianini Belotti
    [] The Myth of the Nice Girl: Achieving a Career You Love Without Becoming a Person You Hate
        - author: Fran Hauser
    [] The Mirror of My Heart: A Thousand Years of Persian Poetry by Women
        - author: Dick Davis
    [] The Drunkard's Walk: How Randomness Rules Our Lives
        - author: Leonard Mlodinow
    [] Before the Coffee Gets Cold (Before the Coffee Gets Cold, #1)
        - author: Toshikazu Kawaguchi
    [] On Emotional Intelligence (HBR's 10 Must Reads)
        - author: Harvard Business Review
    [] Holding Change: The Way of Emergent Strategy Facilitation and Mediation
        - author: Adrienne Maree Brown
    [] We Will Not Cancel Us: And Other Dreams of Transformative Justice
        - author: Adrienne Maree Brown
    [] Emergent Strategy: Shaping Change, Changing Worlds (Emergent Strategy, #0)
        - author: Adrienne Maree Brown
    [] What Money Can't Buy: The Moral Limits of Markets
        - author: Michael J. Sandel
    [] Make Time: How to Focus on What Matters Every Day
        - author: Jake Knapp
    [] Talking to Strangers: What We Should Know About the People We Don't Know
        - author: Malcolm Gladwell
    [] For Brown Girls with Sharp Edges and Tender Hearts: A Love Letter to Women of Color
        - author: Prisca Dorcas Mojica Rodríguez
    [] The Book of Hope: A Survival Guide for Trying Times
        - author: Jane Goodall
    [] Quiet: The Power of Introverts in a World That Can't Stop Talking
        - author: Susan Cain
    [] The Culture Code: The Secrets of Highly Successful Groups
        - author: Daniel Coyle
    [] Manufacturing Consent: The Political Economy of the Mass Media
        - author: Edward S. Herman
    [] Minima Moralia: Reflections on a Damaged Life
        - author: Theodor W. Adorno
    [] Pedagogy of Freedom: Ethics, Democracy, and Civic Courage
        - author: Paulo Freire
    [] Haben: The Deafblind Woman Who Conquered Harvard Law
        - author: Haben Girma
    [] The Alignment Problem: Machine Learning and Human Values
        - author: Brian  Christian
    [] The Anthropology of Childhood: Cherubs, Chattel, Changelings
        - author: David F. Lancy
    [] Dealing with Difficult People
        - author: Harvard Business Review
    [] Set Boundaries, Find Peace: A Guide to Reclaiming Yourself
        - author: Nedra Glover Tawwab
    [] Trustworthy Online Controlled Experiments: A Practical Guide to A/B Testing
        - author: Ron Kohavi
    [] SQL for Data Scientists: A Beginner's Guide for Building Datasets for Analysis
        - author: Renee M Teate
    [] How Democracies Die: What History Reveals About Our Future
        - author: Steven Levitsky
    [] The Shame Machine: Who Profits in the New Age of Humiliation
        - author: Cathy O'Neil
    [] 1000 Years of Joys and Sorrows: A Memoir
        - author: Weiwei Ai
    [] Reading Lolita in Tehran: A Memoir in Books
        - author: Azar Nafisi
    [] Chess Story
        - author: Stefan Zweig
    [] سمفونی مردگان
        - author: عباس معروفی
    [] خداحافظ گاری کوپر
        - author: Romain Gary
    [] A Million Miles in a Thousand Years: What I Learned While Editing My Life
        - author: Donald Miller
    [] Novels & Stories 1963–1973: Cat’s Cradle / God Bless You, Mr. Rosewater / Slaughterhouse-Five / Breakfast of Champions / Stories
        - author: Kurt Vonnegut Jr.
    [] The Big Trip Up Yonder
        - author: Kurt Vonnegut Jr.
    [] The Study of Dying: From Autonomy to Transformation
        - author: Allan Kellehear
    [] چاه بابل
        - author: رضا قاسمی
    [] ماهی سیاه کوچولو
        - author: صمد بهرنگی
    [] Just in Time, Abraham Lincoln
        - author: Patricia Polacco
    [] While Mortals Sleep: Unpublished Short Fiction
        - author: Kurt Vonnegut Jr.
    [] Our Man in Tehran: The True Story Behind the Secret Mission to Save Six Americans during the Iran Hostage Crisis and the Foreign Ambassador Who Worked with the CIA to Bring Them Home
        - author: Robert A. Wright
    [] Laughter in the Dark
        - author: Vladimir Nabokov
    [] Invitation to a Beheading (Vintage International)
        - author: Vladimir Nabokov
    [] Pnin
        - author: Vladimir Nabokov
    [] The Trial
        - author: Franz Kafka
    [] Demons
        - author: Fyodor Dostoevsky
    [] The Wild Duck
        - author: Henrik Ibsen
    [] A Doll's House
        - author: Henrik Ibsen
    [] What I Talk About When I Talk About Running
        - author: Haruki Murakami
    [] So the Wind Won't Blow It All Away
        - author: Richard Brautigan
    [] Trout Fishing in America
        - author: Richard Brautigan
    [] Letter to a Child Never Born
        - author: Oriana Fallaci
    [] And Where Were You, Adam?
        - author: Heinrich Böll
    [] The Silent Angel
        - author: Heinrich Böll
    [] And Never Said a Word
        - author: Heinrich Böll
    [] The Train Was on Time
        - author: Heinrich Böll
    [] Billiards at Half-Past Nine
        - author: Heinrich Böll
    [] The Epic of Gilgamesh
        - author: Anonymous
    [] Letters to Sartre
        - author: Simone de Beauvoir
    [] The Blood of Others
        - author: Simone de Beauvoir
    [] Memoirs of a Dutiful Daughter
        - author: Simone de Beauvoir
    [] The Second Sex
        - author: Simone de Beauvoir
    [] 1984
        - author: George Orwell
    [] Lolita
        - author: Vladimir Nabokov
    [] Memoirs of a Geisha
        - author: Arthur Golden
    [] Of Mice and Men
        - author: John Steinbeck
    [] The Great Gatsby
        - author: F. Scott Fitzgerald
    [] To Kill a Mockingbird
        - author: Harper Lee
    [] 2BR02B
        - author: Kurt Vonnegut Jr.
    [] Look at the Birdie: Unpublished Short Fiction
        - author: Kurt Vonnegut Jr.
    [] Ignorance
        - author: Milan Kundera
    [] The Book of Laughter and Forgetting
        - author: Milan Kundera
    [] The Unbearable Lightness of Being
        - author: Milan Kundera
    [] The Old Man and the Sea
        - author: Ernest Hemingway
    [] One Hundred Years of Solitude
        - author: Gabriel García Márquez
    [] Too Loud a Solitude
        - author: Bohumil Hrabal
    [] The New York Trilogy (New York Trilogy, #1-3)
        - author: Paul Auster
