- Mugs:
    - coffeify
        - link: https://coffeify.com
- Tea:
    - metropolitan tea company
        - link: https://www.metrotea.com/
        - they have distributors across canada
- puzzles:
    - nervous:
        - link: https://n-e-r-v-o-u-s.com
        - Generative Jigsaw Puzzles
- clothes:
    - kidoriman
        - Men's fine clothing - Japanese style
        - link: https://kidoriman.com
    - ecualama
        - link: https://ecualama.com
        - they have ponchos too
        - Ecuador local wool
    - decathlon
        - link: https://www.decathlon.ca
        - Marta's favorite outdoor clothing shop
    - Outway socks
        - link: https://outway.com
        - Trevor recommended and I tried. The socks are a bit pricy but seems like they're gonna last for the rest of my life, and I think all the knee heigh ones are compression socks.
- table tennis:
    - table tennis 11
        - link: https://www.tabletennis11.com/
        - Omid recommended
    - paddle palace
        - link: https://www.paddlepalace.com
        - Jason recommended
